<?xml version="1.0" encoding="UTF-8"?>
<testsuite xmlns:xsi="http://www.w3.org/2001/XMLSchema-instance" xsi:noNamespaceSchemaLocation="https://maven.apache.org/surefire/maven-surefire-plugin/xsd/surefire-test-report-3.0.xsd" version="3.0" name="TestSuite" time="134.706" tests="3" errors="0" skipped="1" failures="1">
  <properties>
[...]
</properties>
  <testcase name="demo" classname="pack1.CrossBrowser" time="78.328">
    <system-err><![CDATA[1638349866486	geckodriver	INFO	Listening on 127.0.0.1:24899
1638349867310	mozrunner::runner	INFO	Running command: "C:\\Program Files (x86)\\Mozilla Firefox\\firefox.exe" "--marionette" "-no-remote" "-profile" "C:\\Users\\Admin\\AppData\\Local\\Temp\\rust_mozprofileoi1SgV"
Starting ChromeDriver 96.0.4664.45 (76e4c1bb2ab4671b8beba3444e61c0f17584b2fc-refs/branch-heads/4664@{#947}) on port 45402
Only local connections are allowed.
Please see https://chromedriver.chromium.org/security-considerations for suggestions on keeping ChromeDriver safe.
ChromeDriver was started successfully.
Dec 01, 2021 2:41:20 PM org.openqa.selenium.remote.ProtocolHandshake createSession
INFO: Detected dialect: W3C
1638349883225	Marionette	INFO	Marionette enabled
[GFX1-]: Killing GPU process due to IPC reply timeout

###!!! [Child][MessageChannel::SendAndWait] Error: Channel error: cannot send/recv


###!!! [Child][MessageChannel::SendAndWait] Error: (msgtype=0x20003,name=PAPZInputBridge::Msg_ReceiveMouseInputEvent) Channel error: cannot send/recv


###!!! [Child][MessageChannel] Error: (msgtype=0x2000F,name=PAPZInputBridge::Msg_UpdateWheelTransaction) Channel error: cannot send/recv


###!!! [Child][MessageChannel] Error: (msgtype=0xA60006,name=PWebRenderBridge::Msg_SetDisplayList) Channel error: cannot send/recv


###!!! [Child][MessageChannel] Error: (msgtype=0xA60008,name=PWebRenderBridge::Msg_SetFocusTarget) Channel error: cannot send/recv


###!!! [Child][MessageChannel] Error: (msgtype=0x360027,name=PCompositorBridge::Msg_ForcePresent) Channel error: cannot send/recv


###!!! [Child][MessageChannel] Error: (msgtype=0x360027,name=PCompositorBridge::Msg_ForcePresent) Channel error: cannot send/recv


###!!! [Child][RunMessage] Error: Channel error: cannot send/recv


###!!! [Child][MessageChannel] Error: (msgtype=0xA60006,name=PWebRenderBridge::Msg_SetDisplayList) Channel error: cannot send/recv


###!!! [Child][MessageChannel] Error: (msgtype=0xA60008,name=PWebRenderBridge::Msg_SetFocusTarget) Channel error: cannot send/recv


###!!! [Child][RunMessage] Error: Channel error: cannot send/recv


###!!! [Child][RunMessage] Error: Channel error: cannot send/recv


###!!! [Child][MessageChannel] Error: (msgtype=0x360027,name=PCompositorBridge::Msg_ForcePresent) Channel error: cannot send/recv


###!!! [Child][MessageChannel::SendAndWait] Error: Channel error: cannot send/recv

[Parent 8984, Main Thread] WARNING: base::KillProcess refusing to terminate process handle 0: file /builds/worker/checkouts/gecko/ipc/chromium/src/base/process_util_win.cc:402

###!!! [Child][MessageChannel] Error: (msgtype=0xA60026,name=PWebRenderBridge::Msg_Shutdown) Channel error: cannot send/recv


###!!! [Child][MessageChannel] Error: (msgtype=0x920003,name=PTexture::Msg_Destroy) Channel error:[GFX1-]: Failed as lost WebRenderBridgeChild.
 cannot send/recv


###!!! [Child][MessageChannel] Error: (msgtype=0x920003,name=PTexture::Msg_Destroy) Channel error: cannot send/recv


###!!! [Child][MessageChannel] Error: (msgtype=0x920003,name=PTexture::Msg_Destroy) Channel error: cannot send/recv


###!!! [Child][MessageChannel] Error: (msgtype=0xD,name=PAPZ::Msg_Destroy) Channel error: cannot send/recv

[GFX1-]: Receive IPC close with reason=AbnormalShutdown
[GFX1-]: Receive IPC close with reason=AbnormalShutdown
[GFX1-]: Receive IPC close with reason=AbnormalShutdown
console.warn: SearchSettings: "get: No settings file exists, new profile?" (new NotFoundError("Could not open the file at C:\\Users\\Admin\\AppData\\Local\\Temp\\rust_mozprofileoi1SgV\\search.json.mozlz4", (void 0)))
console.error: Region.jsm: "Error fetching region" (new Error("TIMEOUT", "resource://gre/modules/Region.jsm", 772))
console.error: Region.jsm: "Failed to fetch region" (new Error("TIMEOUT", "resource://gre/modules/Region.jsm", 419))
console.error: BackgroundUpdate: 
  maybeScheduleBackgroundUpdateTask: exiting after uncaught exception in maybeScheduleBackgroundUpdateTask!
  Message: [Exception... "Component returned failure code: 0x80004005 (NS_ERROR_FAILURE) [nsIWinTaskSchedulerService.deleteTask]"  nsresult: "0x80004005 (NS_ERROR_FAILURE)"  location: "JS frame :: resource://gre/modules/TaskSchedulerWinImpl.jsm :: deleteTask :: line 60"  data: no]
  Stack:
    deleteTask@resource://gre/modules/TaskSchedulerWinImpl.jsm:60:16
deleteTask@resource://gre/modules/TaskScheduler.jsm:145:18
maybeScheduleBackgroundUpdateTask@resource://gre/modules/BackgroundUpdate.jsm:478:31

1638349956758	Marionette	INFO	Listening on port 57653
]]></system-err>
  </testcase>
  <testcase name="demo" classname="pack1.CrossBrowser" time="0">
    <skipped message="No connection could be made because the target machine actively refused it. (os error 10061)&#10;Build info: version: &apos;3.141.59&apos;, revision: &apos;e82be7d358&apos;, time: &apos;2018-11-14T08:17:03&apos;&#10;System info: host: &apos;ADMIN-PC&apos;, ip: &apos;192.168.123.226&apos;, os.name: &apos;Windows 7&apos;, os.arch: &apos;amd64&apos;, os.version: &apos;6.1&apos;, java.version: &apos;16.0.1&apos;&#10;Driver info: driver.version: FirefoxDriver&#10;remote stacktrace: "/>
  </testcase>
  <testcase name="setup[firefox](0)" classname="pack1.CrossBrowser" time="117.085">
    <failure message="No connection could be made because the target machine actively refused it. (os error 10061)&#10;Build info: version: &apos;3.141.59&apos;, revision: &apos;e82be7d358&apos;, time: &apos;2018-11-14T08:17:03&apos;&#10;System info: host: &apos;ADMIN-PC&apos;, ip: &apos;192.168.123.226&apos;, os.name: &apos;Windows 7&apos;, os.arch: &apos;amd64&apos;, os.version: &apos;6.1&apos;, java.version: &apos;16.0.1&apos;&#10;Driver info: driver.version: FirefoxDriver&#10;remote stacktrace: " type="org.openqa.selenium.TimeoutException"><![CDATA[org.openqa.selenium.TimeoutException: 
No connection could be made because the target machine actively refused it. (os error 10061)
Build info: version: '3.141.59', revision: 'e82be7d358', time: '2018-11-14T08:17:03'
System info: host: 'ADMIN-PC', ip: '192.168.123.226', os.name: 'Windows 7', os.arch: 'amd64', os.version: '6.1', java.version: '16.0.1'
Driver info: driver.version: FirefoxDriver
remote stacktrace: 
	at pack1.CrossBrowser.setup(CrossBrowser.java:18)
]]></failure>
  </testcase>
</testsuite>